<?xml version="1.0" encoding="UTF-8"?>
<!-- Generated by org.testng.reporters.JUnitXMLReporter -->
<testsuite ignored="1" hostname="Freedom" failures="0" tests="1" name="Default test" time="8.753" errors="0" timestamp="2021-10-30T23:31:01 IST">
  <testcase classname="com.goibibo.qa.testcases.DashboardTest" name="verifyFromPlaceListTest" time="3.079"/>
  <testcase classname="com.goibibo.qa.testcases.DashboardTest" name="clickAboutUsPageLinkTest" time="0.0">
    <ignored/>
  </testcase> <!-- clickAboutUsPageLinkTest -->
</testsuite> <!-- Default test -->
