<?xml version="1.0" encoding="UTF-8"?>
<!-- Generated by org.testng.reporters.JUnitXMLReporter -->
<testsuite ignored="1" hostname="DESKTOP-3FKTFIL" failures="0" tests="1" name="Default test" time="44.286" errors="0" timestamp="2021-07-26T11:27:01 PDT">
  <testcase classname="com.goibibo.qa.testcases.AboutUsTest" name="clickHotelsLinkTest" time="0.901"/>
  <testcase classname="com.goibibo.qa.testcases.AboutUsTest" name="closeLoginWindowTest" time="0.0">
    <ignored/>
  </testcase> <!-- closeLoginWindowTest -->
</testsuite> <!-- Default test -->
