<?xml version="1.0" encoding="UTF-8"?>
<!-- Generated by org.testng.reporters.JUnitXMLReporter -->
<testsuite ignored="2" hostname="Freedom" failures="0" tests="1" name="goIbibo Tests2" time="6.515" errors="0" timestamp="2021-12-14T23:36:20 IST">
  <testcase classname="com.goibibo.qa.testcases.DashboardTest" name="fromPlaceListTest" time="1.166"/>
  <testcase classname="com.goibibo.qa.testcases.DashboardTest" name="toPlaceNameTest" time="0.0">
    <ignored/>
  </testcase> <!-- toPlaceNameTest -->
  <testcase classname="com.goibibo.qa.testcases.DashboardTest" name="clickAboutUsPageLinkTest" time="0.0">
    <ignored/>
  </testcase> <!-- clickAboutUsPageLinkTest -->
</testsuite> <!-- goIbibo Tests2 -->
