<?xml version="1.0" encoding="UTF-8"?>
<testng-results ignored="0" total="1" passed="1" failed="0" skipped="0">
  <reporter-output>
  </reporter-output>
  <suite started-at="2021-09-08T22:26:31 IST" name="Default suite" finished-at="2021-09-08T22:26:39 IST" duration-ms="7562">
    <groups>
    </groups>
    <test started-at="2021-09-08T22:26:31 IST" name="Default test" finished-at="2021-09-08T22:26:39 IST" duration-ms="7562">
      <class name="com.goibibo.qa.testcases.DashboardTest">
        <test-method is-config="true" signature="setUp()[pri:0, instance:com.goibibo.qa.testcases.DashboardTest@68c72235]" started-at="2021-09-08T22:26:31 IST" name="setUp" finished-at="2021-09-08T22:26:37 IST" duration-ms="5483" status="PASS">
          <reporter-output>
          </reporter-output>
        </test-method> <!-- setUp -->
        <test-method signature="clickAboutUsPageLinkTest()[pri:1, instance:com.goibibo.qa.testcases.DashboardTest@68c72235]" started-at="2021-09-08T22:26:37 IST" name="clickAboutUsPageLinkTest" finished-at="2021-09-08T22:26:38 IST" duration-ms="1440" status="PASS">
          <reporter-output>
          </reporter-output>
        </test-method> <!-- clickAboutUsPageLinkTest -->
        <test-method is-config="true" signature="tearDown()[pri:0, instance:com.goibibo.qa.testcases.DashboardTest@68c72235]" started-at="2021-09-08T22:26:38 IST" name="tearDown" finished-at="2021-09-08T22:26:39 IST" duration-ms="617" status="PASS">
          <reporter-output>
          </reporter-output>
        </test-method> <!-- tearDown -->
      </class> <!-- com.goibibo.qa.testcases.DashboardTest -->
    </test> <!-- Default test -->
  </suite> <!-- Default suite -->
</testng-results>
